<?xml version="1.0" encoding="UTF-8"?>
<!-- Generated by org.testng.reporters.JUnitReportReporter -->
<testsuite skipped="0" hostname="DESKTOP-621I84K" name="stringlength.Democode" tests="4" failures="0" timestamp="26 Feb 2020 17:29:27 GMT" time="0.061" errors="0">
  <testcase name="aact" time="0.027" classname="stringlength.Democode"/>
  <testcase name="act" time="0.004" classname="stringlength.Democode"/>
  <testcase name="sdtfg" time="0.017" classname="stringlength.Democode"/>
  <testcase name="base" time="0.013" classname="stringlength.Democode"/>
</testsuite> <!-- stringlength.Democode -->
