<?xml version="1.0" encoding="UTF-8"?>
<!-- Generated by org.testng.reporters.JUnitReportReporter -->
<testsuite hostname="DESKTOP-621I84K" name="stringlength.Democode" tests="4" failures="0" timestamp="26 Feb 2020 17:30:05 GMT" time="0.015" errors="0">
  <testcase name="base" time="0.002" classname="stringlength.Democode"/>
  <testcase name="aact" time="0.012" classname="stringlength.Democode"/>
  <testcase name="sdtfg" time="0.000" classname="stringlength.Democode"/>
  <testcase name="act" time="0.001" classname="stringlength.Democode"/>
</testsuite> <!-- stringlength.Democode -->
